<?xml version="1.0" encoding="UTF-8"?>
<!-- Generated by org.testng.reporters.JUnitReportReporter -->
<testsuite hostname="DESKTOP-HIN4ESK" failures="0" tests="1" name="DOM_selectors.maleemployees" time="1.267" errors="0" timestamp="2024-08-26T09:23:30 IST" skipped="0">
  <testcase classname="DOM_selectors.maleemployees" name="test2" time="1.267"/>
</testsuite> <!-- DOM_selectors.maleemployees -->
