<?xml version="1.0" encoding="UTF-8"?>
<!-- Generated by org.testng.reporters.JUnitReportReporter -->
<testsuite hostname="DESKTOP-HIN4ESK" failures="0" tests="1" name="DOM_selectors.femaleemployees" time="2.374" errors="0" timestamp="2024-08-26T09:24:17 IST" skipped="0">
  <testcase classname="DOM_selectors.femaleemployees" name="test3" time="2.374"/>
</testsuite> <!-- DOM_selectors.femaleemployees -->
