<?xml version="1.0" encoding="UTF-8"?>
<!-- Generated by org.testng.reporters.JUnitReportReporter -->
<testsuite hostname="DESKTOP-HIN4ESK" failures="0" tests="3" name="DOM_selectors.DOM_selectors" time="5.364" errors="0" timestamp="2024-08-25T19:16:55 IST" skipped="0">
  <testcase classname="DOM_selectors.DOM_selectors" name="test1" time="2.379"/>
  <testcase classname="DOM_selectors.DOM_selectors" name="test2" time="1.516"/>
  <testcase classname="DOM_selectors.DOM_selectors" name="test3" time="1.469"/>
</testsuite> <!-- DOM_selectors.DOM_selectors -->
