<?xml version="1.0" encoding="UTF-8"?>
<!-- Generated by org.testng.reporters.JUnitReportReporter -->
<testsuite hostname="DESKTOP-HIN4ESK" failures="0" tests="1" name="DOM_selectors.allemployees" time="3.797" errors="0" timestamp="2024-08-26T09:14:55 IST" skipped="0">
  <testcase classname="DOM_selectors.allemployees" name="test1" time="3.797"/>
</testsuite> <!-- DOM_selectors.allemployees -->
